SF:lib\common_utilities\widgets\agrotech_button_widget.dart
DA:5,1
DA:14,1
DA:16,1
DA:17,1
DA:18,1
DA:19,1
DA:20,2
DA:23,1
DA:24,1
LF:9
LH:9
end_of_record
SF:lib\common_utilities\config\colors_theme.dart
DA:33,27
LF:1
LH:1
end_of_record
SF:lib\common_utilities\widgets\progress_bar_widget.dart
DA:5,1
DA:8,0
DA:12,1
DA:14,1
DA:16,1
DA:17,1
DA:18,3
DA:19,1
DA:20,1
DA:21,2
DA:27,1
DA:29,2
DA:33,0
LF:13
LH:11
end_of_record
SF:lib\common_utilities\widgets\background_body_widget.dart
DA:4,1
DA:11,1
DA:13,1
DA:14,3
DA:21,1
LF:5
LH:5
end_of_record
SF:lib\common_utilities\widgets\bar_chart_balance.dart
DA:8,1
DA:10,1
DA:12,1
DA:13,1
DA:14,1
DA:15,1
DA:16,1
DA:17,1
DA:18,1
DA:25,2
DA:26,1
DA:27,2
DA:28,1
DA:29,1
DA:30,1
DA:31,1
DA:32,1
DA:34,1
DA:35,1
DA:36,1
DA:39,1
DA:42,1
DA:45,2
DA:47,1
DA:51,0
DA:57,0
DA:58,0
DA:69,1
DA:77,2
DA:79,1
DA:81,1
DA:83,1
DA:88,2
DA:90,1
DA:91,1
DA:94,1
DA:97,1
DA:98,1
DA:105,1
DA:106,1
DA:108,1
DA:109,1
DA:114,2
DA:119,1
DA:128,1
DA:139,1
DA:146,1
DA:148,1
DA:150,1
DA:152,1
DA:154,1
DA:157,1
DA:159,1
DA:160,1
DA:162,1
LF:55
LH:52
end_of_record
SF:lib\features\3.opciones_supervisor\models\point_chart_model.dart
DA:6,4
LF:1
LH:1
end_of_record
SF:lib\common_utilities\widgets\bar_chart_hora.dart
DA:9,2
DA:11,2
DA:13,2
DA:14,2
DA:15,2
DA:16,2
DA:17,2
DA:18,2
DA:19,2
DA:26,4
DA:27,2
DA:28,4
DA:29,2
DA:30,2
DA:31,2
DA:32,2
DA:33,2
DA:34,2
DA:36,2
DA:37,2
DA:38,2
DA:41,2
DA:44,2
DA:47,4
DA:49,2
DA:53,0
DA:59,0
DA:60,0
DA:71,2
DA:72,2
DA:73,4
DA:79,2
DA:80,4
DA:82,0
DA:87,2
DA:89,2
DA:91,2
DA:95,0
DA:96,0
DA:97,0
DA:103,0
DA:105,0
DA:106,0
DA:108,0
DA:113,4
DA:115,2
DA:116,2
DA:119,2
DA:122,2
DA:123,2
DA:130,2
DA:131,2
DA:133,2
DA:134,2
DA:139,4
DA:144,4
DA:145,2
DA:146,4
DA:147,4
DA:153,4
DA:154,2
DA:155,4
DA:156,4
DA:164,2
DA:165,2
DA:166,4
DA:171,2
DA:173,2
DA:175,2
DA:177,2
DA:179,2
DA:182,2
DA:184,2
DA:185,2
DA:187,2
LF:75
LH:64
end_of_record
SF:lib\common_utilities\widgets\bar_chart_utilidad.dart
DA:9,1
DA:11,1
DA:13,1
DA:14,1
DA:15,1
DA:16,1
DA:17,1
DA:18,1
DA:19,1
DA:26,2
DA:27,1
DA:28,2
DA:29,1
DA:30,1
DA:31,1
DA:32,3
DA:33,1
DA:36,1
DA:39,1
DA:42,2
DA:44,1
DA:48,0
DA:54,0
DA:55,0
DA:56,0
DA:57,0
DA:66,1
DA:67,1
DA:68,2
DA:74,2
DA:76,1
DA:78,1
DA:80,1
DA:85,2
DA:87,1
DA:88,1
DA:91,1
DA:94,1
DA:95,1
DA:102,1
DA:103,1
DA:105,1
DA:106,1
DA:111,2
DA:116,1
DA:125,0
DA:136,1
DA:137,1
DA:138,2
DA:143,1
DA:145,1
DA:147,1
DA:149,1
DA:151,1
DA:154,1
DA:156,1
DA:157,1
DA:159,1
LF:58
LH:52
end_of_record
SF:lib\common_utilities\widgets\bar_chart_widget.dart
DA:14,1
DA:21,1
DA:23,1
DA:24,1
DA:25,1
DA:26,2
DA:27,1
DA:29,0
DA:30,0
DA:31,0
DA:32,0
DA:34,0
DA:35,0
DA:36,0
DA:37,0
DA:40,0
DA:42,0
DA:44,0
DA:58,1
DA:62,1
DA:67,1
DA:69,1
DA:71,1
DA:73,1
DA:74,2
DA:75,1
DA:77,1
DA:79,1
DA:80,1
DA:81,1
DA:82,2
DA:87,1
DA:89,1
LF:33
LH:22
end_of_record
SF:lib\common_utilities\widgets\title_widget.dart
DA:5,2
DA:9,1
DA:14,2
DA:16,2
DA:18,2
DA:19,2
DA:20,6
LF:7
LH:7
end_of_record
SF:lib\common_utilities\widgets\custom_card_widget.dart
DA:14,1
DA:26,1
DA:28,1
DA:30,1
DA:31,1
DA:34,1
DA:35,1
DA:37,1
DA:39,1
DA:40,1
DA:42,1
DA:43,1
DA:44,5
DA:45,1
DA:50,1
DA:51,2
DA:56,1
DA:57,5
DA:66,1
DA:67,1
DA:68,1
DA:79,1
DA:81,1
DA:83,1
DA:84,2
DA:85,1
DA:86,1
DA:87,1
DA:90,1
DA:95,2
DA:96,2
DA:104,1
DA:105,1
DA:107,1
DA:108,1
DA:109,1
DA:110,1
DA:111,1
DA:112,1
DA:115,1
DA:116,2
DA:119,2
LF:42
LH:42
end_of_record
SF:lib\common_utilities\widgets\header_page_widget.dart
DA:4,1
DA:7,0
DA:11,1
DA:13,1
DA:15,1
DA:16,1
LF:6
LH:5
end_of_record
SF:lib\common_utilities\widgets\error_screen.dart
DA:5,1
DA:7,1
DA:9,1
DA:10,1
DA:11,1
DA:13,1
DA:14,1
DA:33,1
DA:34,0
DA:35,0
DA:37,1
LF:11
LH:9
end_of_record
SF:lib\common_utilities\widgets\infobox_wiget.dart
DA:5,1
DA:12,0
DA:20,1
DA:22,2
DA:23,1
DA:24,1
DA:26,1
DA:29,1
DA:30,3
DA:31,1
DA:33,1
DA:35,1
DA:36,2
DA:37,1
DA:39,3
DA:42,1
DA:43,1
DA:44,1
DA:46,3
LF:19
LH:18
end_of_record
SF:lib\common_utilities\widgets\search_bar_widget.dart
DA:4,2
DA:8,2
DA:10,2
DA:13,2
DA:14,2
DA:17,2
DA:18,2
DA:23,2
DA:24,2
DA:25,2
DA:26,2
LF:11
LH:11
end_of_record
SF:lib\common_utilities\widgets\section_widget.dart
DA:5,2
DA:11,1
DA:13,1
DA:16,1
DA:17,1
DA:18,1
DA:20,1
DA:21,2
DA:22,2
LF:9
LH:9
end_of_record
SF:lib\common_utilities\widgets\section_scroll_widget.dart
DA:5,1
DA:9,1
DA:14,1
DA:16,1
DA:17,1
DA:21,1
DA:22,1
DA:24,1
DA:25,1
DA:26,1
DA:27,1
DA:28,1
DA:29,1
DA:31,1
LF:14
LH:14
end_of_record
SF:lib\common_utilities\widgets\subtitleWidget.dart
DA:5,1
DA:8,0
DA:12,1
DA:14,1
DA:15,1
DA:16,1
DA:18,1
DA:19,1
DA:20,3
LF:9
LH:8
end_of_record
